Determining if the pthread_create exist failed with the following output:
Change Dir: /home/benedikt/Programmierung/widelands/amazons/build/CMakeFiles/CMakeTmp

Run Build Command:"/usr/bin/ninja" "cmTC_262f1"
[1/2] Building C object CMakeFiles/cmTC_262f1.dir/CheckSymbolExists.c.o
[2/2] Linking C executable cmTC_262f1
FAILED: cmTC_262f1 
: && /usr/bin/cc   -rdynamic CMakeFiles/cmTC_262f1.dir/CheckSymbolExists.c.o  -o cmTC_262f1   && :
/usr/bin/ld: CMakeFiles/cmTC_262f1.dir/CheckSymbolExists.c.o: in function `main':
CheckSymbolExists.c:(.text+0x1b): undefined reference to `pthread_create'
collect2: error: ld returned 1 exit status
ninja: build stopped: subcommand failed.

File /home/benedikt/Programmierung/widelands/amazons/build/CMakeFiles/CMakeTmp/CheckSymbolExists.c:
/* */
#include <pthread.h>

int main(int argc, char** argv)
{
  (void)argv;
#ifndef pthread_create
  return ((int*)(&pthread_create))[argc];
#else
  (void)argc;
  return 0;
#endif
}

Determining if the function pthread_create exists in the pthreads failed with the following output:
Change Dir: /home/benedikt/Programmierung/widelands/amazons/build/CMakeFiles/CMakeTmp

Run Build Command:"/usr/bin/ninja" "cmTC_c7098"
[1/2] Building C object CMakeFiles/cmTC_c7098.dir/CheckFunctionExists.c.o
[2/2] Linking C executable cmTC_c7098
FAILED: cmTC_c7098 
: && /usr/bin/cc -DCHECK_FUNCTION_EXISTS=pthread_create  -rdynamic CMakeFiles/cmTC_c7098.dir/CheckFunctionExists.c.o  -o cmTC_c7098  -lpthreads && :
/usr/bin/ld: -lpthreads kann nicht gefunden werden
collect2: error: ld returned 1 exit status
ninja: build stopped: subcommand failed.


